c:\users\ivana\source\repos\begovich_1lab\begovich_1lab\debug\begovich_1lab.pch
c:\users\ivana\source\repos\begovich_1lab\begovich_1lab\debug\vc141.pdb
c:\users\ivana\source\repos\begovich_1lab\begovich_1lab\debug\vc141.idb
c:\users\ivana\source\repos\begovich_1lab\begovich_1lab\debug\stdafx.obj
c:\users\ivana\source\repos\begovich_1lab\begovich_1lab\debug\begovich1lab.obj
c:\users\ivana\source\repos\begovich_1lab\begovich_1lab\debug\dogbegovic.obj
c:\users\ivana\source\repos\begovich_1lab\begovich_1lab\debug\exhibitionbegovic.obj
c:\users\ivana\source\repos\begovich_1lab\debug\begovich_1lab.ilk
c:\users\ivana\source\repos\begovich_1lab\debug\begovich_1lab.exe
c:\users\ivana\source\repos\begovich_1lab\debug\begovich_1lab.pdb
c:\users\ivana\source\repos\begovich_1lab\begovich_1lab\debug\begovich_1lab.tlog\cl.command.1.tlog
c:\users\ivana\source\repos\begovich_1lab\begovich_1lab\debug\begovich_1lab.tlog\cl.read.1.tlog
c:\users\ivana\source\repos\begovich_1lab\begovich_1lab\debug\begovich_1lab.tlog\cl.write.1.tlog
c:\users\ivana\source\repos\begovich_1lab\begovich_1lab\debug\begovich_1lab.tlog\link-vctip.delete.1.tlog
c:\users\ivana\source\repos\begovich_1lab\begovich_1lab\debug\begovich_1lab.tlog\link-vctip.delete.12.tlog
c:\users\ivana\source\repos\begovich_1lab\begovich_1lab\debug\begovich_1lab.tlog\link-vctip.delete.23.tlog
c:\users\ivana\source\repos\begovich_1lab\begovich_1lab\debug\begovich_1lab.tlog\link-vctip.delete.24.tlog
c:\users\ivana\source\repos\begovich_1lab\begovich_1lab\debug\begovich_1lab.tlog\link-vctip.delete.25.tlog
c:\users\ivana\source\repos\begovich_1lab\begovich_1lab\debug\begovich_1lab.tlog\link-vctip.delete.29.tlog
c:\users\ivana\source\repos\begovich_1lab\begovich_1lab\debug\begovich_1lab.tlog\link-vctip.delete.33.tlog
c:\users\ivana\source\repos\begovich_1lab\begovich_1lab\debug\begovich_1lab.tlog\link.command.1.tlog
c:\users\ivana\source\repos\begovich_1lab\begovich_1lab\debug\begovich_1lab.tlog\link.read.1.tlog
c:\users\ivana\source\repos\begovich_1lab\begovich_1lab\debug\begovich_1lab.tlog\link.write.1.tlog
