  begovich1lab.cpp
c:\users\ivana\source\repos\begovich_1lab\begovich_1lab\exhibitionbegovic.h(8): error C2065: 'DogBegovic': undeclared identifier
c:\users\ivana\source\repos\begovich_1lab\begovich_1lab\exhibitionbegovic.h(8): error C2059: syntax error: '>'
c:\users\ivana\source\repos\begovich_1lab\begovich_1lab\exhibitionbegovic.h(8): error C2976: 'std::shared_ptr': too few template arguments
  c:\program files (x86)\microsoft visual studio\2017\enterprise\vc\tools\msvc\14.11.25503\include\memory(1247): note: see declaration of 'std::shared_ptr'
c:\users\ivana\source\repos\begovich_1lab\begovich_1lab\exhibitionbegovic.h(8): error C3203: 'shared_ptr': unspecialized class template can't be used as a template argument for template parameter '_Ty', expected a real type
  LabradorBegovic.cpp
  ExhibitionBegovic.cpp
c:\users\ivana\source\repos\begovich_1lab\begovich_1lab\exhibitionbegovic.h(8): error C2065: 'DogBegovic': undeclared identifier
c:\users\ivana\source\repos\begovich_1lab\begovich_1lab\exhibitionbegovic.h(8): error C2059: syntax error: '>'
c:\users\ivana\source\repos\begovich_1lab\begovich_1lab\exhibitionbegovic.h(8): error C2976: 'std::shared_ptr': too few template arguments
  c:\program files (x86)\microsoft visual studio\2017\enterprise\vc\tools\msvc\14.11.25503\include\memory(1247): note: see declaration of 'std::shared_ptr'
c:\users\ivana\source\repos\begovich_1lab\begovich_1lab\exhibitionbegovic.h(8): error C3203: 'shared_ptr': unspecialized class template can't be used as a template argument for template parameter '_Ty', expected a real type
c:\users\ivana\source\repos\begovich_1lab\begovich_1lab\exhibitionbegovic.cpp(11): error C2664: 'void std::vector<int,std::allocator<_Ty>>::push_back(_Ty &&)': cannot convert argument 1 from 'std::shared_ptr<LabradorBegovic>' to 'const int &'
          with
          [
              _Ty=int
          ]
  c:\users\ivana\source\repos\begovich_1lab\begovich_1lab\exhibitionbegovic.cpp(11): note: Reason: cannot convert from 'std::shared_ptr<LabradorBegovic>' to 'const int'
  c:\users\ivana\source\repos\begovich_1lab\begovich_1lab\exhibitionbegovic.cpp(11): note: No user-defined-conversion operator available that can perform this conversion, or the operator cannot be called
c:\users\ivana\source\repos\begovich_1lab\begovich_1lab\exhibitionbegovic.cpp(18): error C2664: 'void std::vector<int,std::allocator<_Ty>>::push_back(_Ty &&)': cannot convert argument 1 from 'std::shared_ptr<DogBegovic>' to 'const int &'
          with
          [
              _Ty=int
          ]
  c:\users\ivana\source\repos\begovich_1lab\begovich_1lab\exhibitionbegovic.cpp(18): note: Reason: cannot convert from 'std::shared_ptr<DogBegovic>' to 'const int'
  c:\users\ivana\source\repos\begovich_1lab\begovich_1lab\exhibitionbegovic.cpp(18): note: No user-defined-conversion operator available that can perform this conversion, or the operator cannot be called
c:\users\ivana\source\repos\begovich_1lab\begovich_1lab\exhibitionbegovic.cpp(27): warning C4018: '<': signed/unsigned mismatch
c:\users\ivana\source\repos\begovich_1lab\begovich_1lab\exhibitionbegovic.cpp(30): error C2227: left of '->seeProperties' must point to class/struct/union/generic type
  c:\users\ivana\source\repos\begovich_1lab\begovich_1lab\exhibitionbegovic.cpp(30): note: type is 'int'
c:\users\ivana\source\repos\begovich_1lab\begovich_1lab\exhibitionbegovic.cpp(46): error C2664: 'void std::vector<int,std::allocator<_Ty>>::push_back(_Ty &&)': cannot convert argument 1 from 'DogBegovic *' to 'const int &'
          with
          [
              _Ty=int
          ]
  c:\users\ivana\source\repos\begovich_1lab\begovich_1lab\exhibitionbegovic.cpp(46): note: Reason: cannot convert from 'DogBegovic *' to 'const int'
  c:\users\ivana\source\repos\begovich_1lab\begovich_1lab\exhibitionbegovic.cpp(46): note: There is no context in which this conversion is possible
c:\users\ivana\source\repos\begovich_1lab\begovich_1lab\exhibitionbegovic.cpp(56): error C2227: left of '->writeProperties' must point to class/struct/union/generic type
  c:\users\ivana\source\repos\begovich_1lab\begovich_1lab\exhibitionbegovic.cpp(56): note: type is 'int'
c:\users\ivana\source\repos\begovich_1lab\begovich_1lab\exhibitionbegovic.cpp(63): error C2541: 'delete': cannot delete objects that are not pointers
  Generating Code...
